Info: Starting: Create block symbol file (.bsf)
Info: qsys-generate E:\OneDrive\Zippleback\DECA\Workshop_Logistics\deca_lab_files\factory_recovery\DECA_Gsensor\dual_boot.qsys --block-symbol-file --output-directory=E:\OneDrive\Zippleback\DECA\Workshop_Logistics\deca_lab_files\factory_recovery\DECA_Gsensor\dual_boot --family="MAX 10" --part=10M50DAF484C6GES
Progress: Loading DECA_Gsensor/dual_boot.qsys
Progress: Reading input file
Progress: Adding clk_0 [clock_source 15.0]
Progress: Parameterizing module clk_0
Progress: Adding dual_boot_0 [altera_dual_boot 15.0]
Progress: Parameterizing module dual_boot_0
Progress: Building connections
Progress: Parameterizing connections
Progress: Validating
Progress: Done reading input file
Warning: dual_boot.dual_boot_0: dual_boot_0.avalon must be connected to an Avalon-MM master
Info: ip-generate succeeded.
Info: Finished: Create block symbol file (.bsf)
Info: 
Info: Starting: Create HDL design files for synthesis
Info: qsys-generate E:\OneDrive\Zippleback\DECA\Workshop_Logistics\deca_lab_files\factory_recovery\DECA_Gsensor\dual_boot.qsys --synthesis=VERILOG --output-directory=E:\OneDrive\Zippleback\DECA\Workshop_Logistics\deca_lab_files\factory_recovery\DECA_Gsensor\dual_boot\synthesis --family="MAX 10" --part=10M50DAF484C6GES
Progress: Loading DECA_Gsensor/dual_boot.qsys
Progress: Reading input file
Progress: Adding clk_0 [clock_source 15.0]
Progress: Parameterizing module clk_0
Progress: Adding dual_boot_0 [altera_dual_boot 15.0]
Progress: Parameterizing module dual_boot_0
Progress: Building connections
Progress: Parameterizing connections
Progress: Validating
Progress: Done reading input file
Warning: dual_boot.dual_boot_0: dual_boot_0.avalon must be connected to an Avalon-MM master
Info: dual_boot: Generating dual_boot "dual_boot" for QUARTUS_SYNTH
Info: dual_boot_0: generating top-level entity altera_dual_boot
Info: dual_boot_0: "dual_boot" instantiated altera_dual_boot "dual_boot_0"
Info: rst_controller: "dual_boot" instantiated altera_reset_controller "rst_controller"
Info: dual_boot: Done "dual_boot" with 3 modules, 7 files
Info: ip-generate succeeded.
Info: Finished: Create HDL design files for synthesis
