Assembler report for DECA
Sun May 31 22:11:11 2015
Quartus II 64-Bit Version 15.0.0 Build 145 04/22/2015 SJ Full Version


---------------------
; Table of Contents ;
---------------------
  1. Legal Notice
  2. Assembler Summary
  3. Assembler Settings
  4. Assembler Encrypted IP Cores Summary
  5. Assembler Generated Files
  6. Assembler Device Options: E:/OneDrive/Zippleback/DECA/Workshop_Logistics/deca_lab_files/factory_recovery/LedBreathe/DECA.sof
  7. Assembler INI Usage
  8. Assembler Messages



----------------
; Legal Notice ;
----------------
Copyright (C) 1991-2015 Altera Corporation. All rights reserved.
Your use of Altera Corporation's design tools, logic functions 
and other software and tools, and its AMPP partner logic 
functions, and any output files from any of the foregoing 
(including device programming or simulation files), and any 
associated documentation or information are expressly subject 
to the terms and conditions of the Altera Program License 
Subscription Agreement, the Altera Quartus II License Agreement,
the Altera MegaCore Function License Agreement, or other 
applicable license agreement, including, without limitation, 
that your use is for the sole purpose of programming logic 
devices manufactured by Altera and sold by Altera or its 
authorized distributors.  Please refer to the applicable 
agreement for further details.



+---------------------------------------------------------------+
; Assembler Summary                                             ;
+-----------------------+---------------------------------------+
; Assembler Status      ; Successful - Sun May 31 22:11:11 2015 ;
; Revision Name         ; DECA                                  ;
; Top-level Entity Name ; DECA                                  ;
; Family                ; MAX 10                                ;
; Device                ; 10M50DAF484C6GES                      ;
+-----------------------+---------------------------------------+


+----------------------------------+
; Assembler Settings               ;
+--------+---------+---------------+
; Option ; Setting ; Default Value ;
+--------+---------+---------------+


+---------------------------------------------+
; Assembler Encrypted IP Cores Summary        ;
+--------+---------------------+--------------+
; Vendor ; IP Core Name        ; License Type ;
+--------+---------------------+--------------+
; Altera ; Unknown (6AF7 2013) ; Licensed     ;
+--------+---------------------+--------------+


+----------------------------------------------------------------------------------------------------+
; Assembler Generated Files                                                                          ;
+----------------------------------------------------------------------------------------------------+
; File Name                                                                                          ;
+----------------------------------------------------------------------------------------------------+
; E:/OneDrive/Zippleback/DECA/Workshop_Logistics/deca_lab_files/factory_recovery/LedBreathe/DECA.sof ;
+----------------------------------------------------------------------------------------------------+


+------------------------------------------------------------------------------------------------------------------------------+
; Assembler Device Options: E:/OneDrive/Zippleback/DECA/Workshop_Logistics/deca_lab_files/factory_recovery/LedBreathe/DECA.sof ;
+----------------+-------------------------------------------------------------------------------------------------------------+
; Option         ; Setting                                                                                                     ;
+----------------+-------------------------------------------------------------------------------------------------------------+
; Device         ; 10M50DAF484C6GES                                                                                            ;
; JTAG usercode  ; 0x0027D6A4                                                                                                  ;
; Checksum       ; 0x0027D6A4                                                                                                  ;
+----------------+-------------------------------------------------------------------------------------------------------------+


+------------------------------------------------------------------------------------------------------------------------------+
; Assembler INI Usage                                                                                                          ;
+----------------------+-------------------------------------------------------------------------------------------------------+
; Option               ; Usage                                                                                                 ;
+----------------------+-------------------------------------------------------------------------------------------------------+
; Initialization file: ; E:/OneDrive/Zippleback/DECA/Workshop_Logistics/deca_lab_files/factory_recovery/LedBreathe/quartus.ini ;
; dev_password0        ; d0070c637d8467d2d0641c29e9a8e6a984b8460f88985ca12233613224222356234175554555754551655555555405        ;
+----------------------+-------------------------------------------------------------------------------------------------------+


+--------------------+
; Assembler Messages ;
+--------------------+
Info: *******************************************************************
Info: Running Quartus II 64-Bit Assembler
    Info: Version 15.0.0 Build 145 04/22/2015 SJ Full Version
    Info: Processing started: Sun May 31 22:11:07 2015
Info: Command: quartus_asm --read_settings_files=off --write_settings_files=off DECA -c DECA
Info: Using INI file E:/OneDrive/Zippleback/DECA/Workshop_Logistics/deca_lab_files/factory_recovery/LedBreathe/quartus.ini
Info (115031): Writing out detailed assembly data for power analysis
Info (115030): Assembler is generating device programming files
Info: Quartus II 64-Bit Assembler was successful. 0 errors, 0 warnings
    Info: Peak virtual memory: 620 megabytes
    Info: Processing ended: Sun May 31 22:11:11 2015
    Info: Elapsed time: 00:00:04
    Info: Total CPU time (on all processors): 00:00:04


